<?xml version="1.0" encoding="UTF-8"?>
<!-- Generated by org.testng.reporters.JUnitXMLReporter -->
<testsuite hostname="HOME-PC" name="anotation check" tests="3" failures="0" timestamp="15 Feb 2017 00:17:32 GMT" time="24.252" errors="0">
  <testcase name="testTwo" time="0.017" classname="testNgOne.AnnotationsOne"/>
  <testcase name="testOne" time="0.001" classname="testNgOne.AnnotationsOne"/>
  <testcase name="testThree" time="0.002" classname="testNgOne.AnnotationsOne"/>
</testsuite> <!-- anotation check -->
