<?xml version="1.0" encoding="UTF-8"?>
<testng-results skipped="0" failed="0" total="1" passed="1">
  <reporter-output>
  </reporter-output>
  <suite name="Default suite" duration-ms="39727" started-at="2017-05-14T01:17:23Z" finished-at="2017-05-14T01:18:03Z">
    <groups>
    </groups>
    <test name="Default test" duration-ms="39727" started-at="2017-05-14T01:17:23Z" finished-at="2017-05-14T01:18:03Z">
      <class name="selectors.DropDown">
        <test-method status="PASS" signature="setup()[pri:0, instance:selectors.DropDown@1afa04c]" name="setup" is-config="true" duration-ms="27638" started-at="2017-05-14T06:47:23Z" finished-at="2017-05-14T06:47:51Z">
          <reporter-output>
          </reporter-output>
        </test-method> <!-- setup -->
        <test-method status="PASS" signature="mortgage()[pri:0, instance:selectors.DropDown@1afa04c]" name="mortgage" duration-ms="9529" started-at="2017-05-14T06:47:51Z" finished-at="2017-05-14T06:48:00Z">
          <reporter-output>
          </reporter-output>
        </test-method> <!-- mortgage -->
        <test-method status="PASS" signature="endTest()[pri:0, instance:selectors.DropDown@1afa04c]" name="endTest" is-config="true" duration-ms="2522" started-at="2017-05-14T06:48:00Z" finished-at="2017-05-14T06:48:03Z">
          <reporter-output>
          </reporter-output>
        </test-method> <!-- endTest -->
      </class> <!-- selectors.DropDown -->
    </test> <!-- Default test -->
  </suite> <!-- Default suite -->
</testng-results>
